================================================================
======== txAdmin v8.0.1 atop fxserver 14318 Starting - 26/04/2025, 20:38:13
================================================================
[20:38:47][NEOJIMM] created admins file
[20:39:00][NEOJIMM] Config changes: server.dataPath
[20:39:00][NEOJIMM] Changing global/fxserver settings via setup stepper.
================================================================
======== txAdmin v8.0.1 atop fxserver 14318 Starting - 26/04/2025, 20:40:17
================================================================
[20:40:38][NEOJIMM] logged in from 127.0.0.1 via cfxre
================================================================
======== txAdmin v8.0.1 atop fxserver 14318 Starting - 26/04/2025, 20:41:46
================================================================
[20:42:36][NEOJIMM] logged in from 127.0.0.1 via cfxre
[20:42:38][NEOJIMM] [NEOJIMM] executed "RESTART SERVER"
[20:43:28][NEOJIMM] [NEOJIMM] executed "RESTART SERVER"
[20:45:14][NEOJIMM] [NEOJIMM] executed "RESTART SERVER"
[20:45:49][NEOJIMM] [NEOJIMM] executed "STOP SERVER"
[20:50:31][NEOJIMM] [NEOJIMM] executed "START SERVER"
[20:50:54][MONITOR] Restarting server: Server process close detected.
[20:55:40][NEOJIMM] logged in from 127.0.0.1 via cfxre
[20:55:43][NEOJIMM] [NEOJIMM] executed "RESTART SERVER"
[20:56:29][NEOJIMM] [NEOJIMM] executed "RESTART SERVER"
[20:57:51][NEOJIMM] [NEOJIMM] executed "RESTART SERVER"
[20:59:54][NEOJIMM] [NEOJIMM] executed "RESTART SERVER"
[21:00:23][NEOJIMM] [NEOJIMM] executed "RESTART SERVER"
[21:00:59][NEOJIMM] [NEOJIMM] executed "RESTART SERVER"
[21:01:24][MONITOR] Restarting server: Server process close detected.
[21:01:45][NEOJIMM] [NEOJIMM] executed "RESTART SERVER"
