║             TXADMIN║ ================================================================
║             TXADMIN║ ======== [2028] FXServer Starting - 20/04/2025, 20:17:49        
║             TXADMIN║ ================================================================
[           resources] Scanning resourc↩
║              STDERR║ Fatal Error: This server does not have a license key specified. Please set the sv_licenseKey console variable to a key from https://keymaster.fivem.net/. (for example, `set sv_licenseKey "key"` in the config, or `+set sv_licenseKey key` on the comm↩
es.
[resources:new_bankin] Warning: new_banking has an outdated manifest (__resource.lua instead of fxmanifest.lua)
[           resources] Found 63 resources.
[           resources] 1 warning was encountered.
[          svadhesive] Error: This server does not have a license key specified. Please set the sv_licenseKey console variable to a key from https://keymaster.fivem.net/. (for example, `set sv_licenseKey "key"` in the config, or `+set sv_licenseKey key` on the command line)
║              STDERR║ and line)↩
║             TXADMIN║ Restarting server: Server process close detected.

║             TXADMIN║ ================================================================
║             TXADMIN║ ======== [29088] FXServer Starting - 20/04/2025, 20:17:52       
║             TXADMIN║ ================================================================
[           resources] Scanning resources.
[resources:new_bankin] Warning: new_banking has an outdated manifest (__resource.lua instead of fxmanifest.lua)
[           resources] Found 63 resources.
[           resources] 1 warning was encountered.
[          svadhesive] E↩
║              STDERR║ Fatal Error: This server does not have a license key specified. Please set the sv_licenseKey console variable to a key from https://keymaster.fivem.net/. (for example, `set sv_licenseKey "key"` in the config, or `+set sv_licenseKey key` on the command line)↩
rror: This server does not have a license key specified. Please set the sv_licenseKey console variable to a key from https://keymaster.fivem.net/. (for example, `set sv_licenseKey "key"` in the config, or `+set sv_licenseKey key` on the command line)
║             TXADMIN║ Restarting server: Server process close detected.

║             TXADMIN║ ================================================================
║             TXADMIN║ ======== [25264] FXServer Starting - 20/04/2025, 20:18:07       
║             TXADMIN║ ================================================================
[           resources] Scanning resources.
[resources:new_bankin] Warning: new_banking has an outdated manifest (__resource.lua instead of fxmanifest.lua)
[           resources] Found 63 resources.
[           resources] 1 warning was encountered.
[          svadhesive] Error: This server does not have a license key speci↩
║              STDERR║ Fatal Error: This server does not have a license key specified. Please set the sv_licenseKey console variable to a key from https://keymaster.fivem.net/. (for example, `set sv_licenseKey "key"` in the config, or `+set sv_licenseKey key` on the command line)↩
fied. Please set the sv_licenseKey console variable to a key from https://keymaster.fivem.net/. (for example, `set sv_licenseKey "key"` in the config, or `+set sv_licenseKey key` on the command line)
║             TXADMIN║ txaReportResources 
║             TXADMIN║ Restarting server: Server boot timed out (P:45s|HB:--|HC:--).
║             TXADMIN║ - No successful HeartBeat yet.
║             TXADMIN║ - No resource currently loading.
║             TXADMIN║ - No resource event received within the 30s limit.
║             TXADMIN║ txaEvent "serverShuttingDown" "{\"delay\":5000,\"author\":\"txAdmin\",\"message\":\"Server restarting (the server needs to be restarted, please reconnect).\"}"

║             TXADMIN║ ================================================================
║             TXADMIN║ ======== [17724] FXServer Starting - 20/04/2025, 20:18:58       
║             TXADMIN║ ================================================================
[           resources] Scanning resources.
[resources:new_bankin] Warning: new_banking has an outdated manifest (__resource.lua instead of fxmanifest.lua)
[           resources] Found 63 resources.
[           resources] 1 warning was encountered.
[          svadhesive] Authenticating server license key...
[          svadhesive] Server license key authentication succeeded. Welcome!
[    c-scripting-core] Creating script environments for monitor
[      script:monitor] [txAdmin] Resource v8.0.1 threads and commands set up. All Ready.
[           resources] Started resource monitor
[                 cmd] No such command sv_useDirectListing.
[                 cmd]  "sv_tebexSecret" is ""
[                 cmd]  default: "" - flags( )
[                 cmd]  type: string
[                 cmd] No such command voice_enableUi.
[                 cmd] No such command voice_enableProximityCycle.
[                 cmd] No such command voice_defaultCycle.
[                 cmd] No such command voice_defaultVoiceMode.
[    c-scripting-core] Creating script environments for ox_lib
[           resources] Started resource ox_lib
[    c-scripting-core] Creating script environments for frwk
[           resources] Started resource frwk
[    c-scripting-core] Creating script environments for oxmysql
[           resources] Started resource oxmysql
[           resources] Started resource spawnmanager
[    c-scripting-core] Creating script environments for luacore
[           resources] Started resource luacore
[    c-scripting-core] Creating script environments for neva-auth
[    script:neva-auth] [License Manager] Aucune clé n'a été définie dans le `server.cfg`. Veuillez ajouter une clé avec `set neva-key`.
[           resources] Started resource neva-auth
[    c-scripting-core] Creating script environments for xsound
[           resources] Started resource xsound
[    c-scripting-core] Creating script environments for core-ui
[           resources] Started resource core-ui
[    c-scripting-core] Creating script environments for chat
[           resources] Started resource chat
[    c-scripting-core] Creating script environments for ui
[           resources] Started resource ui
[           resources] Started resource hud
[           resources] Started resource speedo
[    c-scripting-core] Creating script environments for notif
[           resources] Started resource notif
[    c-scripting-core] Creating script environments for animmenu
[           resources] Started resource animmenu
[    c-scripting-core] Creating script environments for gofast
[           resources] Started resource gofast
[    c-scripting-core] Creating script environments for deathscreen
[           resources] Started resource deathscreen
[    c-scripting-core] Creating script environments for clothing
[           resources] Started resource clothing
[           resources] Started resource HideHUD
[    c-scripting-core] Creating script environments for prompt
[           resources] Started resource prompt
[    c-scripting-core] Creating script environments for loading
[           resources] Started resource loading
[    c-scripting-core] Creating script environments for info
[           resources] Started resource info
[    c-scripting-core] Creating script environments for fuel
[           resources] Started resource fuel
[    c-scripting-core] Creating script environments for inv
║             TXADMIN║ txaEvent "serverShuttingDown" "{\"delay\":5000,\"author\":\"NEOJIMM\",\"message\":\"Server restarting (admin request).\"}"

║             TXADMIN║ ================================================================
║             TXADMIN║ ======== [3012] FXServer Starting - 20/04/2025, 20:19:14        
║             TXADMIN║ ================================================================
[           resources] Scanning resources.
[resources:new_bankin] Warning: new_banking has an outdated manifest (__resource.lua instead of fxmanifest.lua)
[           resources] Found 63 resources.
[           resources] 1 warning was encountered.
[          svadhesive] Authenticating server license key...
[          svadhesive] Server license key authentication succeeded. Welcome!
[    c-scripting-core] Creating script environments for monitor
[      script:monitor] [txAdmin] Resource v8.0.1 threads and commands set up. All Ready.
[           resources] Started resource monitor
[                 cmd] No such command sv_useDirectListing.
[                 cmd]  "sv_tebexSecret" is ""
[                 cmd]  default: "" - flags( )
[                 cmd]  type: string
[                 cmd] No such command voice_enableUi.
[                 cmd] No such command voice_enableProximityCycle.
[                 cmd] No such command voice_defaultCycle.
[                 cmd] No such command voice_defaultVoiceMode.
[    c-scripting-core] Creating script environments for ox_lib
[           resources] Started resource ox_lib
[    c-scripting-core] Creating script environments for frwk
[           resources] Started resource frwk
[    c-scripting-core] Creating script environments for oxmysql
[           resources] Started resource oxmysql
[           resources] Started resource spawnmanager
[    c-scripting-core] Creating script environments for luacore
[           resources] Started resource luacore
[    c-scripting-core] Creating script environments for neva-auth
[    script:neva-auth] [License Manager] Vérification de la clé pour ce serveur...
[           resources] Started resource neva-auth
[    c-scripting-core] Creating script environments for xsound
[           resources] Started resource xsound
[    c-scripting-core] Creating script environments for core-ui
[           resources] Started resource core-ui
[    c-scripting-core] Creating script environments for chat
[           resources] Started resource chat
[    c-scripting-core] Creating script environments for ui
[           resources] Started resource ui
[           resources] Started resource hud
[           resources] Started resource speedo
[    c-scripting-core] Creating script environments for notif
[           resources] Started resource notif
[    c-scripting-core] Creating script environments for animmenu
[           resources] Started resource animmenu
[    c-scripting-core] Creating script environments for gofast
[           resources] Started resource gofast
[    c-scripting-core] Creating script environments for deathscreen
[           resources] Started resource deathscreen
[    c-scripting-core] Creating script environments for clothing
[           resources] Started resource clothing
[           resources] Started resource HideHUD
[    c-scripting-core] Creating script environments for prompt
[           resources] Started resource prompt
[    c-scripting-core] Creating script environments for loading
[           resources] Started resource loading
[    c-scripting-core] Creating script environments for info
[           resources] Started resource info
[    c-scripting-core] Creating script environments for fuel
[           resources] Started resource fuel
[    c-scripting-core] Creating script environments for inv
[           resources] Started resource inv
[    c-scripting-core] Creating script environments for ox_target
[           resources] Started resource ox_target
[    c-scripting-core] Creating script environments for ox_doorlock
[           resources] Started resource ox_doorlock
[           resources] Started resource MugShotBase64
[    c-scripting-core] Creating script environments for jsfour-idcard
[           resources] Started resource jsfour-idcard
[    c-scripting-core] Creating script environments for shop
[           resources] Started resource shop
[    c-scripting-core] Creating script environments for core
[           resources] Started resource core
[    c-scripting-core] Creating script environments for boutique
[           resources] Started resource boutique
[    c-scripting-core] Creating script environments for new_banking
[           resources] Started resource new_banking
[    c-scripting-core] Creating script environments for blackmarket
[  script:blackmarket] BlackMarket NEVA
[           resources] Started resource blackmarket
[    c-scripting-core] Creating script environments for pma-voice
[           resources] Started resource pma-voice
[    c-scripting-core] Creating script environments for esx_status
[           resources] Started resource esx_status
[    c-scripting-core] Creating script environments for esx_basicneeds
[           resources] Started resource esx_basicneeds
[    c-scripting-core] Creating script environments for esx_weaponsync
[           resources] Started resource esx_weaponsync
[    c-scripting-core] Creating script environments for ArmePerm
[           resources] Started resource ArmePerm
[           resources] Started resource kq_coca_island
[    c-scripting-core] Creating script environments for kq_link
[           resources] Started resource kq_link
[    c-scripting-core] Creating script environments for kq_cocaine
[           resources] Started resource kq_cocaine
[    c-scripting-core] Creating script environments for kq_meth
[           resources] Started resource kq_meth
[ citizen-server-impl] Couldn't find resource category [stream].
[    c-scripting-core] Creating script environments for PolyZone
[           resources] Started resource PolyZone
[    c-scripting-core] Creating script environments for yarn
[           resources] Started resource yarn
[ citizen-server-impl] Running build tasks on resource webpack - it'll restart once completed.
[    c-resources-core] Could not start dependency webpack for resource screenshot-basic.
[ citizen-server-impl] Couldn't start resource screenshot-basic.
[    c-scripting-core] Creating script environments for ptelevision
[           resources] Started resource ptelevision
[    c-scripting-core] Creating script environments for nass_carplay
[           resources] Started resource nass_carplay
[    c-scripting-core] Creating script environments for dj
[           resources] Started resource dj
[ citizen-server-impl] Running build tasks on resource webpack - it'll restart once completed.
[ citizen-server-impl] Couldn't start resource webpack.
[                 cmd] No such command sv_kick_players.
[ citizen-server-main] Warning: The players.json endpoint has been modified to no longer return the player identifiers without authentication.
[ citizen-server-main] To learn more about this change read our announcement at https://aka.cfx.re/players-json-privacy
[                 cmd] Access denied for command add_principal.
[                 cmd] Access denied for command add_principal.
[                 cmd] Access denied for command add_principal.
[                 cmd] Access denied for command add_principal.
[                 cmd] Access denied for command add_principal.
[                 cmd] Access denied for command add_principal.
[                 cmd] Access denied for command add_principal.
[                 cmd] Access denied for command add_principal.
[                 cmd] Access denied for command add_principal.
[                 cmd] Access denied for command add_principal.
[         script:core] ㅤㅤㅤㅤㅤㅤㅤㅤㅤㅤㅤㅤㅤㅤㅤㅤㅤㅤㅤㅤㅤㅤㅤㅤㅤㅤㅤㅤㅤ
[         script:core] ------------------------------------------------
[         script:core] ㅤㅤㅤㅤㅤㅤㅤㅤㅤㅤㅤㅤㅤㅤㅤㅤㅤㅤㅤㅤㅤㅤㅤㅤㅤㅤㅤㅤㅤ
[         script:core]  NN     NN    EEEEEE   VV       VV      AAA     
[         script:core]  NNN    NN              VV     VV      AA AA    
[         script:core]  NN NN   N    EEEEE      VV   VV      AA   AA   
[         script:core]  NN  NN       EE          VV VV      AA     AA  
[         script:core]  NN   NNN     EEEEEE       VVV      AA       AA 
[         script:core] ㅤㅤㅤㅤㅤㅤㅤㅤㅤㅤㅤㅤㅤㅤㅤㅤㅤㅤㅤㅤㅤㅤㅤㅤㅤㅤㅤㅤㅤ
[         script:core]                   Corporation                   
[         script:core] ------------------------------------------------
[         script:core] ㅤㅤㅤㅤㅤㅤㅤㅤㅤㅤㅤㅤㅤㅤㅤㅤㅤㅤㅤㅤㅤㅤㅤㅤㅤㅤㅤㅤㅤ
[         script:core] [ N E V A ] Base N E V A : https://discord.gg/neva-fivem
[         script:core] ㅤㅤㅤㅤㅤㅤㅤㅤㅤㅤㅤㅤㅤㅤㅤㅤㅤㅤㅤㅤㅤㅤㅤㅤㅤㅤㅤㅤㅤ
[ citizen-server-impl]         fff                          
[ citizen-server-impl]   cccc ff   xx  xx     rr rr    eee  
[ citizen-server-impl] cc     ffff   xx       rrr  r ee   e 
[ citizen-server-impl] cc     ff     xx   ... rr     eeeee  
[ citizen-server-impl]  ccccc ff   xx  xx ... rr      eeeee 
[ citizen-server-impl]                                      
[ citizen-server-impl] Authenticated with cfx.re Nucleus: https://neojimm-oegq3v.users.cfx.re/
[         script:yarn] [yarn]	yarn install v1.22.5
[ citizen-server-impl] -- [server notice: portal_release]
[ citizen-server-impl] PATREON SUPPORT ENDING SOON: For existing Patreon subscribers, please migrate to our new subscription platform in https://portal.cfx.re by December 1st 2025 to avoid any service interruptions. Read more: https://aka.cfx.re/patreon-to-portal-migration/ 
[         script:yarn] [yarn]	[1/4] Resolving packages...
[         script:yarn] [yarn]	yarn install v1.22.5
[         script:yarn] Error: [yarn]	warning Waiting for the other yarn instance to finish (pid undefined, inside undefined)
[         script:yarn] [yarn]	[2/4] Fetching packages...
[    script:neva-auth] 
[    script:neva-auth] 
[    script:neva-auth] =======================================
[    script:neva-auth] Identifiant : NEVA - Base
[    script:neva-auth] Type : lifetime
[    script:neva-auth] Durée : À vie
[    script:neva-auth] =======================================
[    script:neva-auth] 
[         script:yarn] [yarn]	info fsevents@2.3.1: The platform "win32" is incompatible with this module.
[         script:yarn] [yarn]	info "fsevents@2.3.1" is an optional dependency and failed compatibility check. Excluding it from installation.
[         script:yarn] [yarn]	info fsevents@1.2.13: The platform "win32" is incompatible with this module.
[         script:yarn] [yarn]	info "fsevents@1.2.13" is an optional dependency and failed compatibility check. Excluding it from installation.
[         script:yarn] [yarn]	[3/4] Linking dependencies...
[         script:yarn] [yarn]	[4/4] Building fresh packages...
[         script:yarn] Error: [yarn]	warning Ignored scripts due to flag.
[         script:yarn] [yarn]	Done in 5.96s.
[         script:yarn] [yarn]	[1/4] Resolving packages...
[ citizen-server-impl] Build tasks completed - starting resource webpack.
[    c-scripting-core] Creating script environments for webpack
[ citizen-server-impl] Running build tasks on resource screenshot-basic - it'll restart once completed.
[           resources] Started resource webpack
[         script:yarn] [yarn]	success Already up-to-date.
[         script:yarn] Done in 6.02s.
[ citizen-server-impl] server thread hitch warning: timer interval of 315 milliseconds
[ citizen-server-impl] Build tasks completed - starting resource webpack.
[         script:yarn] [yarn]	yarn install v1.22.5
[         script:yarn] [yarn]	[1/4] Resolving packages...
[         script:yarn] [yarn]	[2/4] Fetching packages...
[         script:yarn] [yarn]	info fsevents@2.3.1: The platform "win32" is incompatible with this module.
[         script:yarn] [yarn]	info "fsevents@2.3.1" is an optional dependency and failed compatibility check. Excluding it from installation.
[         script:yarn] [yarn]	info fsevents@1.2.13: The platform "win32" is incompatible with this module.
[         script:yarn] [yarn]	info "fsevents@1.2.13" is an optional dependency and failed compatibility check. Excluding it from installation.
[         script:yarn] [yarn]	[3/4] Linking dependencies...
[         script:yarn] [yarn]	[4/4] Building fresh packages...
[         script:yarn] Error: [yarn]	warning Ignored scripts due to flag.
[         script:yarn] [yarn]	Done in 11.72s.
[      script:webpack] screenshot-basic: started building client.config.js
[      script:webpack] webpack is busy: we are waiting to compile screenshot-basic (server.config.js)
[      script:webpack] webpack is busy: we are waiting to compile screenshot-basic (server.config.js)
[ citizen-server-impl] server thread hitch warning: timer interval of 6147 milliseconds
[      script:webpack] webpack is busy: we are waiting to compile screenshot-basic (server.config.js)
[      script:webpack] screenshot-basic: built client.config.js
[      script:webpack] screenshot-basic: started building server.config.js
[      script:webpack] webpack is busy: we are waiting to compile screenshot-basic (ui.config.js)
[      script:webpack] screenshot-basic: built server.config.js
[ citizen-server-impl] server thread hitch warning: timer interval of 3084 milliseconds
[      script:webpack] screenshot-basic: started building ui.config.js
[      script:webpack] screenshot-basic: built ui.config.js
[ citizen-server-impl] Build tasks completed - starting resource screenshot-basic.
[    c-scripting-core] Creating script environments for screenshot-basic
[           resources] Started resource screenshot-basic
[ citizen-server-impl] server thread hitch warning: timer interval of 183 milliseconds
║             TXADMIN║ txaEvent "serverShuttingDown" "{\"delay\":5000,\"author\":\"NEOJIMM\",\"message\":\"Server restarting (admin request).\"}"
[      script:monitor] [txAdmin] Server shutting down. Kicking all players.

║             TXADMIN║ ================================================================
║             TXADMIN║ ======== [19720] FXServer Starting - 20/04/2025, 20:23:12       
║             TXADMIN║ ================================================================
[           resources] Scanning resources.
[resources:new_bankin] Warning: new_banking has an outdated manifest (__resource.lua instead of fxmanifest.lua)
[           resources] Found 63 resources.
[           resources] 1 warning was encountered.
[          svadhesive] Authenticating server license key...
[          svadhesive] Server license key authentication succeeded. Welcome!
[    c-scripting-core] Creating script environments for monitor
[      script:monitor] [txAdmin] Resource v8.0.1 threads and commands set up. All Ready.
[           resources] Started resource monitor
[                 cmd] No such command sv_useDirectListing.
[                 cmd]  "sv_tebexSecret" is ""
[                 cmd]  default: "" - flags( )
[                 cmd]  type: string
[                 cmd] No such command voice_enableUi.
[                 cmd] No such command voice_enableProximityCycle.
[                 cmd] No such command voice_defaultCycle.
[                 cmd] No such command voice_defaultVoiceMode.
[    c-scripting-core] Creating script environments for ox_lib
[           resources] Started resource ox_lib
[    c-scripting-core] Creating script environments for frwk
[           resources] Started resource frwk
[    c-scripting-core] Creating script environments for oxmysql
[           resources] Started resource oxmysql
[           resources] Started resource spawnmanager
[    c-scripting-core] Creating script environments for luacore
[           resources] Started resource luacore
[    c-scripting-core] Creating script environments for neva-auth
[    script:neva-auth] [License Manager] Vérification de la clé pour ce serveur...
[           resources] Started resource neva-auth
[    c-scripting-core] Creating script environments for xsound
[           resources] Started resource xsound
[    c-scripting-core] Creating script environments for core-ui
[           resources] Started resource core-ui
[    c-scripting-core] Creating script environments for chat
[           resources] Started resource chat
[    c-scripting-core] Creating script environments for ui
[           resources] Started resource ui
[           resources] Started resource hud
[           resources] Started resource speedo
[    c-scripting-core] Creating script environments for notif
[           resources] Started resource notif
[    c-scripting-core] Creating script environments for animmenu
[           resources] Started resource animmenu
[    c-scripting-core] Creating script environments for gofast
[           resources] Started resource gofast
[    c-scripting-core] Creating script environments for deathscreen
[           resources] Started resource deathscreen
[    c-scripting-core] Creating script environments for clothing
[           resources] Started resource clothing
[           resources] Started resource HideHUD
[    c-scripting-core] Creating script environments for prompt
[           resources] Started resource prompt
[    c-scripting-core] Creating script environments for loading
[           resources] Started resource loading
[    c-scripting-core] Creating script environments for info
[           resources] Started resource info
[    c-scripting-core] Creating script environments for fuel
[           resources] Started resource fuel
[    c-scripting-core] Creating script environments for inv
[           resources] Started resource inv
[    c-scripting-core] Creating script environments for ox_target
[           resources] Started resource ox_target
[    c-scripting-core] Creating script environments for ox_doorlock
[           resources] Started resource ox_doorlock
[           resources] Started resource MugShotBase64
[    c-scripting-core] Creating script environments for jsfour-idcard
[           resources] Started resource jsfour-idcard
[    c-scripting-core] Creating script environments for shop
[           resources] Started resource shop
[    c-scripting-core] Creating script environments for core
[           resources] Started resource core
[    c-scripting-core] Creating script environments for boutique
[           resources] Started resource boutique
[    c-scripting-core] Creating script environments for new_banking
[           resources] Started resource new_banking
[    c-scripting-core] Creating script environments for blackmarket
[  script:blackmarket] BlackMarket NEVA
[           resources] Started resource blackmarket
[    c-scripting-core] Creating script environments for pma-voice
[           resources] Started resource pma-voice
[    c-scripting-core] Creating script environments for esx_status
[           resources] Started resource esx_status
[    c-scripting-core] Creating script environments for esx_basicneeds
[           resources] Started resource esx_basicneeds
[    c-scripting-core] Creating script environments for esx_weaponsync
[           resources] Started resource esx_weaponsync
[    c-scripting-core] Creating script environments for ArmePerm
[           resources] Started resource ArmePerm
[           resources] Started resource kq_coca_island
[    c-scripting-core] Creating script environments for kq_link
[           resources] Started resource kq_link
[    c-scripting-core] Creating script environments for kq_cocaine
[           resources] Started resource kq_cocaine
[    c-scripting-core] Creating script environments for kq_meth
[           resources] Started resource kq_meth
[ citizen-server-impl] Couldn't find resource category [stream].
[    c-scripting-core] Creating script environments for PolyZone
[           resources] Started resource PolyZone
[    c-scripting-core] Creating script environments for yarn
[           resources] Started resource yarn
[    c-scripting-core] Creating script environments for webpack
[           resources] Started resource webpack
[    c-scripting-core] Creating script environments for screenshot-basic
[           resources] Started resource screenshot-basic
[    c-scripting-core] Creating script environments for ptelevision
[           resources] Started resource ptelevision
[    c-scripting-core] Creating script environments for nass_carplay
[           resources] Started resource nass_carplay
[    c-scripting-core] Creating script environments for dj
[           resources] Started resource dj
[                 cmd] No such command sv_kick_players.
[ citizen-server-main] Warning: The players.json endpoint has been modified to no longer return the player identifiers without authentication.
[ citizen-server-main] To learn more about this change read our announcement at https://aka.cfx.re/players-json-privacy
[                 cmd] Access denied for command add_principal.
[                 cmd] Access denied for command add_principal.
[                 cmd] Access denied for command add_principal.
[                 cmd] Access denied for command add_principal.
[                 cmd] Access denied for command add_principal.
[                 cmd] Access denied for command add_principal.
[                 cmd] Access denied for command add_principal.
[                 cmd] Access denied for command add_principal.
[                 cmd] Access denied for command add_principal.
[                 cmd] Access denied for command add_principal.
[         script:core] ㅤㅤㅤㅤㅤㅤㅤㅤㅤㅤㅤㅤㅤㅤㅤㅤㅤㅤㅤㅤㅤㅤㅤㅤㅤㅤㅤㅤㅤ
[         script:core] ------------------------------------------------
[         script:core] ㅤㅤㅤㅤㅤㅤㅤㅤㅤㅤㅤㅤㅤㅤㅤㅤㅤㅤㅤㅤㅤㅤㅤㅤㅤㅤㅤㅤㅤ
[         script:core]  NN     NN    EEEEEE   VV       VV      AAA     
[         script:core]  NNN    NN              VV     VV      AA AA    
[         script:core]  NN NN   N    EEEEE      VV   VV      AA   AA   
[         script:core]  NN  NN       EE          VV VV      AA     AA  
[         script:core]  NN   NNN     EEEEEE       VVV      AA       AA 
[         script:core] ㅤㅤㅤㅤㅤㅤㅤㅤㅤㅤㅤㅤㅤㅤㅤㅤㅤㅤㅤㅤㅤㅤㅤㅤㅤㅤㅤㅤㅤ
[         script:core]                   Corporation                   
[         script:core] ------------------------------------------------
[         script:core] ㅤㅤㅤㅤㅤㅤㅤㅤㅤㅤㅤㅤㅤㅤㅤㅤㅤㅤㅤㅤㅤㅤㅤㅤㅤㅤㅤㅤㅤ
[         script:core] [ N E V A ] Base N E V A : https://discord.gg/neva-fivem
[         script:core] ㅤㅤㅤㅤㅤㅤㅤㅤㅤㅤㅤㅤㅤㅤㅤㅤㅤㅤㅤㅤㅤㅤㅤㅤㅤㅤㅤㅤㅤ
[ citizen-server-impl]         fff                          
[ citizen-server-impl]   cccc ff   xx  xx     rr rr    eee  
[ citizen-server-impl] cc     ffff   xx       rrr  r ee   e 
[ citizen-server-impl] cc     ff     xx   ... rr     eeeee  
[ citizen-server-impl]  ccccc ff   xx  xx ... rr      eeeee 
[ citizen-server-impl]                                      
[ citizen-server-impl] Authenticated with cfx.re Nucleus: https://neojimm-oegq3v.users.cfx.re/
[ citizen-server-impl] -- [server notice: portal_release]
[ citizen-server-impl] PATREON SUPPORT ENDING SOON: For existing Patreon subscribers, please migrate to our new subscription platform in https://portal.cfx.re by December 1st 2025 to avoid any service interruptions. Read more: https://aka.cfx.re/patreon-to-portal-migration/ 
[    script:neva-auth] 
[    script:neva-auth] 
[    script:neva-auth] =======================================
[    script:neva-auth] Identifiant : NEVA - Base
[    script:neva-auth] Type : lifetime
[    script:neva-auth] Durée : À vie
[    script:neva-auth] =======================================
[    script:neva-auth] 
║             TXADMIN║ txaEvent "serverShuttingDown" "{\"delay\":5000,\"author\":\"NEOJIMM\",\"message\":\"Server restarting (admin request).\"}"
[      script:monitor] [txAdmin] Server shutting down. Kicking all players.

║             TXADMIN║ ================================================================
║             TXADMIN║ ======== [29524] FXServer Starting - 20/04/2025, 20:27:00       
║             TXADMIN║ ================================================================
[           resources] Scanning resources.
[resources:new_bankin] Warning: new_banking has an outdated manifest (__resource.lua instead of fxmanifest.lua)
[           resources] Found 63 resources.
[           resources] 1 warning was encountered.
[          svadhesive] Authenticating server license key...
[          svadhesive] Server license key authentication succeeded. Welcome!
[    c-scripting-core] Creating script environments for monitor
[      script:monitor] [txAdmin] Resource v8.0.1 threads and commands set up. All Ready.
[           resources] Started resource monitor
[                 cmd] No such command sv_useDirectListing.
[                 cmd]  "sv_tebexSecret" is ""
[                 cmd]  default: "" - flags( )
[                 cmd]  type: string
[                 cmd] No such command voice_enableUi.
[                 cmd] No such command voice_enableProximityCycle.
[                 cmd] No such command voice_defaultCycle.
[                 cmd] No such command voice_defaultVoiceMode.
[    c-scripting-core] Creating script environments for ox_lib
[           resources] Started resource ox_lib
[    c-scripting-core] Creating script environments for frwk
[           resources] Started resource frwk
[    c-scripting-core] Creating script environments for oxmysql
[           resources] Started resource oxmysql
[           resources] Started resource spawnmanager
[    c-scripting-core] Creating script environments for luacore
[           resources] Started resource luacore
[    c-scripting-core] Creating script environments for neva-auth
[    script:neva-auth] [License Manager] Vérification de la clé pour ce serveur...
[           resources] Started resource neva-auth
[    c-scripting-core] Creating script environments for xsound
[           resources] Started resource xsound
[    c-scripting-core] Creating script environments for core-ui
[           resources] Started resource core-ui
[    c-scripting-core] Creating script environments for chat
[           resources] Started resource chat
[    c-scripting-core] Creating script environments for ui
[           resources] Started resource ui
[           resources] Started resource hud
[           resources] Started resource speedo
[    c-scripting-core] Creating script environments for notif
[           resources] Started resource notif
[    c-scripting-core] Creating script environments for animmenu
[           resources] Started resource animmenu
[    c-scripting-core] Creating script environments for gofast
[           resources] Started resource gofast
[    c-scripting-core] Creating script environments for deathscreen
[           resources] Started resource deathscreen
[    c-scripting-core] Creating script environments for clothing
[           resources] Started resource clothing
[           resources] Started resource HideHUD
[    c-scripting-core] Creating script environments for prompt
[           resources] Started resource prompt
[    c-scripting-core] Creating script environments for loading
[           resources] Started resource loading
[    c-scripting-core] Creating script environments for info
[           resources] Started resource info
[    c-scripting-core] Creating script environments for fuel
[           resources] Started resource fuel
[    c-scripting-core] Creating script environments for inv
[           resources] Started resource inv
[    c-scripting-core] Creating script environments for ox_target
[           resources] Started resource ox_target
[    c-scripting-core] Creating script environments for ox_doorlock
[           resources] Started resource ox_doorlock
[           resources] Started resource MugShotBase64
[    c-scripting-core] Creating script environments for jsfour-idcard
[           resources] Started resource jsfour-idcard
[    c-scripting-core] Creating script environments for shop
[           resources] Started resource shop
[    c-scripting-core] Creating script environments for core
[           resources] Started resource core
[    c-scripting-core] Creating script environments for boutique
[           resources] Started resource boutique
[    c-scripting-core] Creating script environments for new_banking
[           resources] Started resource new_banking
[    c-scripting-core] Creating script environments for blackmarket
[  script:blackmarket] BlackMarket NEVA
[           resources] Started resource blackmarket
[    c-scripting-core] Creating script environments for pma-voice
[           resources] Started resource pma-voice
[    c-scripting-core] Creating script environments for esx_status
[           resources] Started resource esx_status
[    c-scripting-core] Creating script environments for esx_basicneeds
[           resources] Started resource esx_basicneeds
[    c-scripting-core] Creating script environments for esx_weaponsync
[           resources] Started resource esx_weaponsync
[    c-scripting-core] Creating script environments for ArmePerm
[           resources] Started resource ArmePerm
[           resources] Started resource kq_coca_island
[    c-scripting-core] Creating script environments for kq_link
[           resources] Started resource kq_link
[    c-scripting-core] Creating script environments for kq_cocaine
[           resources] Started resource kq_cocaine
[    c-scripting-core] Creating script environments for kq_meth
[           resources] Started resource kq_meth
[ citizen-server-impl] Couldn't find resource category [stream].
[    c-scripting-core] Creating script environments for PolyZone
[           resources] Started resource PolyZone
[    c-scripting-core] Creating script environments for yarn
[           resources] Started resource yarn
[    c-scripting-core] Creating script environments for webpack
[           resources] Started resource webpack
[    c-scripting-core] Creating script environments for screenshot-basic
[           resources] Started resource screenshot-basic
[    c-scripting-core] Creating script environments for ptelevision
[           resources] Started resource ptelevision
[    c-scripting-core] Creating script environments for nass_carplay
[           resources] Started resource nass_carplay
[    c-scripting-core] Creating script environments for dj
[           resources] Started resource dj
[                 cmd] No such command sv_kick_players.
[ citizen-server-main] Warning: The players.json endpoint has been modified to no longer return the player identifiers without authentication.
[ citizen-server-main] To learn more about this change read our announcement at https://aka.cfx.re/players-json-privacy
[                 cmd] Access denied for command add_principal.
[                 cmd] Access denied for command add_principal.
[                 cmd] Access denied for command add_principal.
[                 cmd] Access denied for command add_principal.
[                 cmd] Access denied for command add_principal.
[                 cmd] Access denied for command add_principal.
[                 cmd] Access denied for command add_principal.
[                 cmd] Access denied for command add_principal.
[                 cmd] Access denied for command add_principal.
[                 cmd] Access denied for command add_principal.
[ citizen-server-impl]         fff                          
[ citizen-server-impl]   cccc ff   xx  xx     rr rr    eee  
[ citizen-server-impl] cc     ffff   xx       rrr  r ee   e 
[ citizen-server-impl] cc     ff     xx   ... rr     eeeee  
[ citizen-server-impl]  ccccc ff   xx  xx ... rr      eeeee 
[ citizen-server-impl]                                      
[ citizen-server-impl] Authenticated with cfx.re Nucleus: https://neojimm-oegq3v.users.cfx.re/
[         script:core] ㅤㅤㅤㅤㅤㅤㅤㅤㅤㅤㅤㅤㅤㅤㅤㅤㅤㅤㅤㅤㅤㅤㅤㅤㅤㅤㅤㅤㅤ
[         script:core] ------------------------------------------------
[         script:core] ㅤㅤㅤㅤㅤㅤㅤㅤㅤㅤㅤㅤㅤㅤㅤㅤㅤㅤㅤㅤㅤㅤㅤㅤㅤㅤㅤㅤㅤ
[         script:core]  NN     NN    EEEEEE   VV       VV      AAA     
[         script:core]  NNN    NN              VV     VV      AA AA    
[         script:core]  NN NN   N    EEEEE      VV   VV      AA   AA   
[         script:core]  NN  NN       EE          VV VV      AA     AA  
[         script:core]  NN   NNN     EEEEEE       VVV      AA       AA 
[         script:core] ㅤㅤㅤㅤㅤㅤㅤㅤㅤㅤㅤㅤㅤㅤㅤㅤㅤㅤㅤㅤㅤㅤㅤㅤㅤㅤㅤㅤㅤ
[         script:core]                   Corporation                   
[         script:core] ------------------------------------------------
[         script:core] ㅤㅤㅤㅤㅤㅤㅤㅤㅤㅤㅤㅤㅤㅤㅤㅤㅤㅤㅤㅤㅤㅤㅤㅤㅤㅤㅤㅤㅤ
[         script:core] [ N E V A ] Base N E V A : https://discord.gg/neva-fivem
[         script:core] ㅤㅤㅤㅤㅤㅤㅤㅤㅤㅤㅤㅤㅤㅤㅤㅤㅤㅤㅤㅤㅤㅤㅤㅤㅤㅤㅤㅤㅤ
[ citizen-server-impl] -- [server notice: portal_release]
[ citizen-server-impl] PATREON SUPPORT ENDING SOON: For existing Patreon subscribers, please migrate to our new subscription platform in https://portal.cfx.re by December 1st 2025 to avoid any service interruptions. Read more: https://aka.cfx.re/patreon-to-portal-migration/ 
[    script:neva-auth] 
[    script:neva-auth] 
[    script:neva-auth] =======================================
[    script:neva-auth] Identifiant : NEVA - Base
[    script:neva-auth] Type : lifetime
[    script:neva-auth] Durée : À vie
[    script:neva-auth] =======================================
[    script:neva-auth] 
